{"numFailedTestSuites":1,"numFailedTests":3,"numPassedTestSuites":17,"numPassedTests":155,"numPendingTestSuites":0,"numPendingTests":0,"numRuntimeErrorTestSuites":0,"numTodoTests":0,"numTotalTestSuites":18,"numTotalTests":158,"openHandles":[],"snapshot":{"added":0,"didUpdate":false,"failure":false,"filesAdded":0,"filesRemoved":0,"filesRemovedList":[],"filesUnmatched":0,"filesUpdated":0,"matched":0,"total":0,"unchecked":0,"uncheckedKeysByFile":[],"unmatched":0,"updated":0},"startTime":1773249995942,"success":false,"testResults":[{"assertionResults":[{"ancestorTitles":["Dodo webhook remediation"],"duration":14,"failureDetails":[],"failureMessages":[],"fullName":"Dodo webhook remediation known product ids activate only the mapped plan","invocations":1,"location":null,"numPassingAsserts":3,"retryReasons":[],"status":"passed","title":"known product ids activate only the mapped plan"},{"ancestorTitles":["Dodo webhook remediation"],"duration":11,"failureDetails":[],"failureMessages":[],"fullName":"Dodo webhook remediation missing product ids fail closed without upgrading the user","invocations":1,"location":null,"numPassingAsserts":3,"retryReasons":[],"status":"passed","title":"missing product ids fail closed without upgrading the user"},{"ancestorTitles":["Dodo webhook remediation"],"duration":1,"failureDetails":[],"failureMessages":[],"fullName":"Dodo webhook remediation unknown product ids fail closed without upgrading the user","invocations":1,"location":null,"numPassingAsserts":3,"retryReasons":[],"status":"passed","title":"unknown product ids fail closed without upgrading the user"},{"ancestorTitles":["Dodo webhook remediation"],"duration":0,"failureDetails":[],"failureMessages":[],"fullName":"Dodo webhook remediation database update failures are surfaced instead of silently succeeding","invocations":1,"location":null,"numPassingAsserts":2,"retryReasons":[],"status":"passed","title":"database update failures are surfaced instead of silently succeeding"}],"endTime":1773249996558,"message":"","name":"/Users/varunsah/Documents/Coding/Ellyn/Ellyn/tests/api/dodo-webhook.test.ts","startTime":1773249996088,"status":"passed","summary":""},{"assertionResults":[{"ancestorTitles":["email-finder pipeline"],"duration":7,"failureDetails":[],"failureMessages":[],"fullName":"email-finder pipeline verifies domain with MX and returns cache hit on second lookup","invocations":1,"location":null,"numPassingAsserts":3,"retryReasons":[],"status":"passed","title":"verifies domain with MX and returns cache hit on second lookup"},{"ancestorTitles":["email-finder pipeline"],"duration":0,"failureDetails":[],"failureMessages":[],"fullName":"email-finder pipeline returns explicit NO_MX warning when domain has no MX","invocations":1,"location":null,"numPassingAsserts":4,"retryReasons":[],"status":"passed","title":"returns explicit NO_MX warning when domain has no MX"},{"ancestorTitles":["email-finder pipeline"],"duration":5,"failureDetails":[],"failureMessages":[],"fullName":"email-finder pipeline handles 405 legacy fallback and still revalidates MX on client side","invocations":1,"location":null,"numPassingAsserts":6,"retryReasons":[],"status":"passed","title":"handles 405 legacy fallback and still revalidates MX on client side"},{"ancestorTitles":["email-finder pipeline"],"duration":17,"failureDetails":[],"failureMessages":[],"fullName":"email-finder pipeline heuristic fallback is explicit and toggled by policy","invocations":1,"location":null,"numPassingAsserts":9,"retryReasons":[],"status":"passed","title":"heuristic fallback is explicit and toggled by policy"},{"ancestorTitles":["email-finder pipeline"],"duration":1,"failureDetails":[],"failureMessages":[],"fullName":"email-finder pipeline redis/cache unavailable logs metric and falls back to DNS without caching","invocations":1,"location":null,"numPassingAsserts":5,"retryReasons":[],"status":"passed","title":"redis/cache unavailable logs metric and falls back to DNS without caching"},{"ancestorTitles":["email-finder pipeline"],"duration":18,"failureDetails":[],"failureMessages":[],"fullName":"email-finder pipeline network timeout/abort is classified as DNS_TIMEOUT","invocations":1,"location":null,"numPassingAsserts":3,"retryReasons":[],"status":"passed","title":"network timeout/abort is classified as DNS_TIMEOUT"}],"endTime":1773249996573,"message":"","name":"/Users/varunsah/Documents/Coding/Ellyn/Ellyn/tests/lib/email-finder-pipeline.test.ts","startTime":1773249996081,"status":"passed","summary":""},{"assertionResults":[{"ancestorTitles":["calculateDeliverabilityConfidence"],"duration":3,"failureDetails":[],"failureMessages":[],"fullName":"calculateDeliverabilityConfidence DELIVERABLE always returns 92 regardless of base or smtpScore","invocations":1,"location":null,"numPassingAsserts":2,"retryReasons":[],"status":"passed","title":"DELIVERABLE always returns 92 regardless of base or smtpScore"},{"ancestorTitles":["calculateDeliverabilityConfidence"],"duration":0,"failureDetails":[],"failureMessages":[],"fullName":"calculateDeliverabilityConfidence UNDELIVERABLE always returns 5 (hard-bounce floor)","invocations":1,"location":null,"numPassingAsserts":2,"retryReasons":[],"status":"passed","title":"UNDELIVERABLE always returns 5 (hard-bounce floor)"},{"ancestorTitles":["calculateDeliverabilityConfidence"],"duration":0,"failureDetails":[],"failureMessages":[],"fullName":"calculateDeliverabilityConfidence RISKY with smtpScore=0 returns 35","invocations":1,"location":null,"numPassingAsserts":1,"retryReasons":[],"status":"passed","title":"RISKY with smtpScore=0 returns 35"},{"ancestorTitles":["calculateDeliverabilityConfidence"],"duration":0,"failureDetails":[],"failureMessages":[],"fullName":"calculateDeliverabilityConfidence RISKY with smtpScore=1 returns 45","invocations":1,"location":null,"numPassingAsserts":1,"retryReasons":[],"status":"passed","title":"RISKY with smtpScore=1 returns 45"},{"ancestorTitles":["calculateDeliverabilityConfidence"],"duration":0,"failureDetails":[],"failureMessages":[],"fullName":"calculateDeliverabilityConfidence RISKY with smtpScore=0.5 returns 40","invocations":1,"location":null,"numPassingAsserts":1,"retryReasons":[],"status":"passed","title":"RISKY with smtpScore=0.5 returns 40"},{"ancestorTitles":["calculateDeliverabilityConfidence"],"duration":0,"failureDetails":[],"failureMessages":[],"fullName":"calculateDeliverabilityConfidence RISKY clamps smtpScore outside 0-1 range","invocations":1,"location":null,"numPassingAsserts":2,"retryReasons":[],"status":"passed","title":"RISKY clamps smtpScore outside 0-1 range"},{"ancestorTitles":["calculateDeliverabilityConfidence"],"duration":1,"failureDetails":[],"failureMessages":[],"fullName":"calculateDeliverabilityConfidence UNKNOWN falls back to baseConfidence unchanged","invocations":1,"location":null,"numPassingAsserts":2,"retryReasons":[],"status":"passed","title":"UNKNOWN falls back to baseConfidence unchanged"},{"ancestorTitles":["calculateEnhancedConfidence"],"duration":0,"failureDetails":[],"failureMessages":[],"fullName":"calculateEnhancedConfidence caps output at 85 for unverified (pattern-only) scores","invocations":1,"location":null,"numPassingAsserts":2,"retryReasons":[],"status":"passed","title":"caps output at 85 for unverified (pattern-only) scores"},{"ancestorTitles":["calculateEnhancedConfidence"],"duration":0,"failureDetails":[],"failureMessages":[],"fullName":"calculateEnhancedConfidence floors output at 5","invocations":1,"location":null,"numPassingAsserts":1,"retryReasons":[],"status":"passed","title":"floors output at 5"},{"ancestorTitles":["calculateEnhancedConfidence"],"duration":1,"failureDetails":[],"failureMessages":[],"fullName":"calculateEnhancedConfidence applies -15 penalty when domain is unresolvable, floored at 10","invocations":1,"location":null,"numPassingAsserts":2,"retryReasons":[],"status":"passed","title":"applies -15 penalty when domain is unresolvable, floored at 10"},{"ancestorTitles":["calculateEnhancedConfidence"],"duration":0,"failureDetails":[],"failureMessages":[],"fullName":"calculateEnhancedConfidence applies -40 penalty for invalid email format","invocations":1,"location":null,"numPassingAsserts":1,"retryReasons":[],"status":"passed","title":"applies -40 penalty for invalid email format"},{"ancestorTitles":["calculateEnhancedConfidence"],"duration":0,"failureDetails":[],"failureMessages":[],"fullName":"calculateEnhancedConfidence Google Workspace boosts first.last by +15","invocations":1,"location":null,"numPassingAsserts":1,"retryReasons":[],"status":"passed","title":"Google Workspace boosts first.last by +15"},{"ancestorTitles":["calculateEnhancedConfidence"],"duration":0,"failureDetails":[],"failureMessages":[],"fullName":"calculateEnhancedConfidence Microsoft 365 boosts first pattern by +10","invocations":1,"location":null,"numPassingAsserts":1,"retryReasons":[],"status":"passed","title":"Microsoft 365 boosts first pattern by +10"},{"ancestorTitles":["calculateEnhancedConfidence"],"duration":0,"failureDetails":[],"failureMessages":[],"fullName":"calculateEnhancedConfidence unknown provider applies no bonus","invocations":1,"location":null,"numPassingAsserts":1,"retryReasons":[],"status":"passed","title":"unknown provider applies no bonus"},{"ancestorTitles":["validateEmailFormat"],"duration":0,"failureDetails":[],"failureMessages":[],"fullName":"validateEmailFormat accepts valid address: jane.doe@acme.com","invocations":1,"location":null,"numPassingAsserts":1,"retryReasons":[],"status":"passed","title":"accepts valid address: jane.doe@acme.com"},{"ancestorTitles":["validateEmailFormat"],"duration":0,"failureDetails":[],"failureMessages":[],"fullName":"validateEmailFormat accepts valid address: j.doe+tag@sub.acme.co.uk","invocations":1,"location":null,"numPassingAsserts":1,"retryReasons":[],"status":"passed","title":"accepts valid address: j.doe+tag@sub.acme.co.uk"},{"ancestorTitles":["validateEmailFormat"],"duration":0,"failureDetails":[],"failureMessages":[],"fullName":"validateEmailFormat accepts valid address: user123@example.io","invocations":1,"location":null,"numPassingAsserts":1,"retryReasons":[],"status":"passed","title":"accepts valid address: user123@example.io"},{"ancestorTitles":["validateEmailFormat"],"duration":1,"failureDetails":[],"failureMessages":[],"fullName":"validateEmailFormat rejects invalid address: not-an-email","invocations":1,"location":null,"numPassingAsserts":1,"retryReasons":[],"status":"passed","title":"rejects invalid address: not-an-email"},{"ancestorTitles":["validateEmailFormat"],"duration":0,"failureDetails":[],"failureMessages":[],"fullName":"validateEmailFormat rejects invalid address: @domain.com","invocations":1,"location":null,"numPassingAsserts":1,"retryReasons":[],"status":"passed","title":"rejects invalid address: @domain.com"},{"ancestorTitles":["validateEmailFormat"],"duration":0,"failureDetails":[],"failureMessages":[],"fullName":"validateEmailFormat rejects invalid address: user@","invocations":1,"location":null,"numPassingAsserts":1,"retryReasons":[],"status":"passed","title":"rejects invalid address: user@"},{"ancestorTitles":["validateEmailFormat"],"duration":0,"failureDetails":[],"failureMessages":[],"fullName":"validateEmailFormat rejects invalid address: ","invocations":1,"location":null,"numPassingAsserts":1,"retryReasons":[],"status":"passed","title":"rejects invalid address: "},{"ancestorTitles":["validateEmailFormat"],"duration":0,"failureDetails":[],"failureMessages":[],"fullName":"validateEmailFormat rejects invalid address: user @domain.com","invocations":1,"location":null,"numPassingAsserts":1,"retryReasons":[],"status":"passed","title":"rejects invalid address: user @domain.com"},{"ancestorTitles":["POST /api/generate-emails"],"duration":7,"failureDetails":[],"failureMessages":[],"fullName":"POST /api/generate-emails returns 401 when request is not authenticated","invocations":1,"location":null,"numPassingAsserts":2,"retryReasons":[],"status":"passed","title":"returns 401 when request is not authenticated"},{"ancestorTitles":["POST /api/generate-emails"],"duration":5,"failureDetails":[],"failureMessages":[],"fullName":"POST /api/generate-emails returns 402 with quota_exceeded when email generation limit is hit","invocations":1,"location":null,"numPassingAsserts":7,"retryReasons":[],"status":"passed","title":"returns 402 with quota_exceeded when email generation limit is hit"},{"ancestorTitles":["POST /api/generate-emails"],"duration":1,"failureDetails":[],"failureMessages":[],"fullName":"POST /api/generate-emails returns 400 for missing required fields","invocations":1,"location":null,"numPassingAsserts":2,"retryReasons":[],"status":"passed","title":"returns 400 for missing required fields"},{"ancestorTitles":["POST /api/generate-emails"],"duration":1,"failureDetails":[],"failureMessages":[],"fullName":"POST /api/generate-emails returns 400 when domain cannot be determined","invocations":1,"location":null,"numPassingAsserts":2,"retryReasons":[],"status":"passed","title":"returns 400 when domain cannot be determined"},{"ancestorTitles":["POST /api/generate-emails"],"duration":2,"failureDetails":[],"failureMessages":[],"fullName":"POST /api/generate-emails skips cache writing when MX fails","invocations":1,"location":null,"numPassingAsserts":6,"retryReasons":[],"status":"passed","title":"skips cache writing when MX fails"},{"ancestorTitles":["POST /api/generate-emails"],"duration":11,"failureDetails":[],"failureMessages":[],"fullName":"POST /api/generate-emails response includes all expected top-level fields","invocations":1,"location":null,"numPassingAsserts":2,"retryReasons":[],"status":"passed","title":"response includes all expected top-level fields"},{"ancestorTitles":["POST /api/generate-emails"],"duration":8,"failureDetails":[],"failureMessages":[],"fullName":"POST /api/generate-emails each email entry has required fields","invocations":1,"location":null,"numPassingAsserts":31,"retryReasons":[],"status":"passed","title":"each email entry has required fields"},{"ancestorTitles":["POST /api/generate-emails"],"duration":2,"failureDetails":[],"failureMessages":[],"fullName":"POST /api/generate-emails domainSource is \"known\" when getKnownDomain returns a domain","invocations":1,"location":null,"numPassingAsserts":2,"retryReasons":[],"status":"passed","title":"domainSource is \"known\" when getKnownDomain returns a domain"},{"ancestorTitles":["POST /api/generate-emails"],"duration":1,"failureDetails":[],"failureMessages":[],"fullName":"POST /api/generate-emails GET returns 405 Method Not Allowed","invocations":1,"location":null,"numPassingAsserts":2,"retryReasons":[],"status":"passed","title":"GET returns 405 Method Not Allowed"}],"endTime":1773249996714,"message":"","name":"/Users/varunsah/Documents/Coding/Ellyn/Ellyn/tests/api/email-verification.test.ts","startTime":1773249996082,"status":"passed","summary":""},{"assertionResults":[{"ancestorTitles":["email discovery — domain resolution strategies"],"duration":23,"failureDetails":[],"failureMessages":[],"fullName":"email discovery — domain resolution strategies companyDomain provided → domainSource=provided, guessDomain not called","invocations":1,"location":null,"numPassingAsserts":4,"retryReasons":[],"status":"passed","title":"companyDomain provided → domainSource=provided, guessDomain not called"},{"ancestorTitles":["email discovery — domain resolution strategies"],"duration":3,"failureDetails":[],"failureMessages":[],"fullName":"email discovery — domain resolution strategies no companyDomain, getKnownDomain returns domain → domainSource=known","invocations":1,"location":null,"numPassingAsserts":3,"retryReasons":[],"status":"passed","title":"no companyDomain, getKnownDomain returns domain → domainSource=known"},{"ancestorTitles":["email discovery — domain resolution strategies"],"duration":6,"failureDetails":[],"failureMessages":[],"fullName":"email discovery — domain resolution strategies domain_cache hit within 7 days → domainSource=cache, cache domain used","invocations":1,"location":null,"numPassingAsserts":3,"retryReasons":[],"status":"passed","title":"domain_cache hit within 7 days → domainSource=cache, cache domain used"},{"ancestorTitles":["email discovery — domain resolution strategies"],"duration":1,"failureDetails":[],"failureMessages":[],"fullName":"email discovery — domain resolution strategies stale cache entry (> 7 days) is ignored, guessed domain is kept","invocations":1,"location":null,"numPassingAsserts":3,"retryReasons":[],"status":"passed","title":"stale cache entry (> 7 days) is ignored, guessed domain is kept"},{"ancestorTitles":["email discovery — domain resolution strategies"],"duration":2,"failureDetails":[],"failureMessages":[],"fullName":"email discovery — domain resolution strategies verified domain is upserted to domain_cache and cache tag invalidated","invocations":1,"location":null,"numPassingAsserts":3,"retryReasons":[],"status":"passed","title":"verified domain is upserted to domain_cache and cache tag invalidated"},{"ancestorTitles":["email discovery — domain resolution strategies"],"duration":2,"failureDetails":[],"failureMessages":[],"fullName":"email discovery — domain resolution strategies domain already sourced from cache → NOT written to domain_cache again","invocations":1,"location":null,"numPassingAsserts":2,"retryReasons":[],"status":"passed","title":"domain already sourced from cache → NOT written to domain_cache again"},{"ancestorTitles":["email discovery — domain resolution strategies"],"duration":0,"failureDetails":[],"failureMessages":[],"fullName":"email discovery — domain resolution strategies failed MX verification → domain NOT written to cache","invocations":1,"location":null,"numPassingAsserts":2,"retryReasons":[],"status":"passed","title":"failed MX verification → domain NOT written to cache"},{"ancestorTitles":["email discovery — daily verification quota"],"duration":4,"failureDetails":[{"matcherResult":{"message":"\u001b[2mexpect(\u001b[22m\u001b[31mjest.fn()\u001b[39m\u001b[2m).\u001b[22mtoHaveBeenCalledTimes\u001b[2m(\u001b[22m\u001b[32mexpected\u001b[39m\u001b[2m)\u001b[22m\n\nExpected number of calls: \u001b[32m3\u001b[39m\nReceived number of calls: \u001b[31m0\u001b[39m","pass":false}}],"failureMessages":["Error: \u001b[2mexpect(\u001b[22m\u001b[31mjest.fn()\u001b[39m\u001b[2m).\u001b[22mtoHaveBeenCalledTimes\u001b[2m(\u001b[22m\u001b[32mexpected\u001b[39m\u001b[2m)\u001b[22m\n\nExpected number of calls: \u001b[32m3\u001b[39m\nReceived number of calls: \u001b[31m0\u001b[39m\n    at Object.toHaveBeenCalledTimes (/Users/varunsah/Documents/Coding/Ellyn/Ellyn/tests/integration/email-discovery.test.ts:372:26)\n    at processTicksAndRejections (node:internal/process/task_queues:95:5)"],"fullName":"email discovery — daily verification quota free user with quota remaining (3/10) → Abstract API called 3×","invocations":1,"location":null,"numPassingAsserts":1,"retryReasons":[],"status":"failed","title":"free user with quota remaining (3/10) → Abstract API called 3×"},{"ancestorTitles":["email discovery — daily verification quota"],"duration":1,"failureDetails":[],"failureMessages":[],"fullName":"email discovery — daily verification quota free user with exhausted quota (10/10) → verification skipped, all emails unverified","invocations":1,"location":null,"numPassingAsserts":7,"retryReasons":[],"status":"passed","title":"free user with exhausted quota (10/10) → verification skipped, all emails unverified"},{"ancestorTitles":["email discovery — daily verification quota"],"duration":1,"failureDetails":[{"matcherResult":{"message":"\u001b[2mexpect(\u001b[22m\u001b[31mjest.fn()\u001b[39m\u001b[2m).\u001b[22mtoHaveBeenCalledTimes\u001b[2m(\u001b[22m\u001b[32mexpected\u001b[39m\u001b[2m)\u001b[22m\n\nExpected number of calls: \u001b[32m3\u001b[39m\nReceived number of calls: \u001b[31m0\u001b[39m","pass":false}}],"failureMessages":["Error: \u001b[2mexpect(\u001b[22m\u001b[31mjest.fn()\u001b[39m\u001b[2m).\u001b[22mtoHaveBeenCalledTimes\u001b[2m(\u001b[22m\u001b[32mexpected\u001b[39m\u001b[2m)\u001b[22m\n\nExpected number of calls: \u001b[32m3\u001b[39m\nReceived number of calls: \u001b[31m0\u001b[39m\n    at Object.toHaveBeenCalledTimes (/Users/varunsah/Documents/Coding/Ellyn/Ellyn/tests/integration/email-discovery.test.ts:395:26)\n    at processTicksAndRejections (node:internal/process/task_queues:95:5)"],"fullName":"email discovery — daily verification quota pro user with quota remaining (20/100) → Abstract API called 3×","invocations":1,"location":null,"numPassingAsserts":1,"retryReasons":[],"status":"failed","title":"pro user with quota remaining (20/100) → Abstract API called 3×"},{"ancestorTitles":["email discovery — daily verification quota"],"duration":0,"failureDetails":[],"failureMessages":[],"fullName":"email discovery — daily verification quota pro user with exhausted quota (100/100) → verification skipped","invocations":1,"location":null,"numPassingAsserts":7,"retryReasons":[],"status":"passed","title":"pro user with exhausted quota (100/100) → verification skipped"},{"ancestorTitles":["email discovery — daily verification quota"],"duration":1,"failureDetails":[],"failureMessages":[],"fullName":"email discovery — daily verification quota quota check is skipped entirely when domain has no MX records","invocations":1,"location":null,"numPassingAsserts":3,"retryReasons":[],"status":"passed","title":"quota check is skipped entirely when domain has no MX records"},{"ancestorTitles":["email discovery — cost recording"],"duration":31,"failureDetails":[{"matcherResult":{"message":"\u001b[2mexpect(\u001b[22m\u001b[31mjest.fn()\u001b[39m\u001b[2m).\u001b[22mtoHaveBeenCalledTimes\u001b[2m(\u001b[22m\u001b[32mexpected\u001b[39m\u001b[2m)\u001b[22m\n\nExpected number of calls: \u001b[32m3\u001b[39m\nReceived number of calls: \u001b[31m0\u001b[39m","pass":false}}],"failureMessages":["Error: \u001b[2mexpect(\u001b[22m\u001b[31mjest.fn()\u001b[39m\u001b[2m).\u001b[22mtoHaveBeenCalledTimes\u001b[2m(\u001b[22m\u001b[32mexpected\u001b[39m\u001b[2m)\u001b[22m\n\nExpected number of calls: \u001b[32m3\u001b[39m\nReceived number of calls: \u001b[31m0\u001b[39m\n    at Object.toHaveBeenCalledTimes (/Users/varunsah/Documents/Coding/Ellyn/Ellyn/tests/integration/email-discovery.test.ts:438:31)"],"fullName":"email discovery — cost recording records a cost entry per Abstract API call with correct metadata","invocations":1,"location":null,"numPassingAsserts":1,"retryReasons":[],"status":"failed","title":"records a cost entry per Abstract API call with correct metadata"},{"ancestorTitles":["email discovery — cost recording"],"duration":34,"failureDetails":[],"failureMessages":[],"fullName":"email discovery — cost recording no cost entries recorded when verification is skipped (no MX)","invocations":1,"location":null,"numPassingAsserts":2,"retryReasons":[],"status":"passed","title":"no cost entries recorded when verification is skipped (no MX)"},{"ancestorTitles":["email discovery — pattern learning metadata"],"duration":3,"failureDetails":[],"failureMessages":[],"fullName":"email discovery — pattern learning metadata hasLearnedPatterns=true when learned patterns exist for the domain","invocations":1,"location":null,"numPassingAsserts":3,"retryReasons":[],"status":"passed","title":"hasLearnedPatterns=true when learned patterns exist for the domain"},{"ancestorTitles":["email discovery — pattern learning metadata"],"duration":6,"failureDetails":[],"failureMessages":[],"fullName":"email discovery — pattern learning metadata hasLearnedPatterns=false when no learned patterns exist","invocations":1,"location":null,"numPassingAsserts":3,"retryReasons":[],"status":"passed","title":"hasLearnedPatterns=false when no learned patterns exist"}],"endTime":1773249996763,"message":"\u001b[1m\u001b[31m  \u001b[1m● \u001b[22m\u001b[1memail discovery — daily verification quota › free user with quota remaining (3/10) → Abstract API called 3×\u001b[39m\u001b[22m\n\n    \u001b[2mexpect(\u001b[22m\u001b[31mjest.fn()\u001b[39m\u001b[2m).\u001b[22mtoHaveBeenCalledTimes\u001b[2m(\u001b[22m\u001b[32mexpected\u001b[39m\u001b[2m)\u001b[22m\n\n    Expected number of calls: \u001b[32m3\u001b[39m\n    Received number of calls: \u001b[31m0\u001b[39m\n\u001b[2m\u001b[22m\n\u001b[2m    \u001b[0m \u001b[90m 370 |\u001b[39m\u001b[22m\n\u001b[2m     \u001b[90m 371 |\u001b[39m     expect(res\u001b[33m.\u001b[39mstatus)\u001b[33m.\u001b[39mtoBe(\u001b[35m200\u001b[39m)\u001b[22m\n\u001b[2m    \u001b[31m\u001b[1m>\u001b[22m\u001b[2m\u001b[39m\u001b[90m 372 |\u001b[39m     expect(global\u001b[33m.\u001b[39mfetch)\u001b[33m.\u001b[39mtoHaveBeenCalledTimes(\u001b[35m3\u001b[39m)   \u001b[90m// TOP_N_TO_VERIFY = 3\u001b[39m\u001b[22m\n\u001b[2m     \u001b[90m     |\u001b[39m                          \u001b[31m\u001b[1m^\u001b[22m\u001b[2m\u001b[39m\u001b[22m\n\u001b[2m     \u001b[90m 373 |\u001b[39m     expect(body\u001b[33m.\u001b[39memails[\u001b[35m0\u001b[39m]\u001b[33m.\u001b[39mverificationStatus)\u001b[33m.\u001b[39mtoBe(\u001b[32m'verified'\u001b[39m)\u001b[22m\n\u001b[2m     \u001b[90m 374 |\u001b[39m   })\u001b[22m\n\u001b[2m     \u001b[90m 375 |\u001b[39m\u001b[0m\u001b[22m\n\u001b[2m\u001b[22m\n\u001b[2m      \u001b[2mat Object.toHaveBeenCalledTimes (\u001b[22m\u001b[2m\u001b[0m\u001b[36mtests/integration/email-discovery.test.ts\u001b[39m\u001b[0m\u001b[2m:372:26)\u001b[22m\u001b[2m\u001b[22m\n\n\u001b[1m\u001b[31m  \u001b[1m● \u001b[22m\u001b[1memail discovery — daily verification quota › pro user with quota remaining (20/100) → Abstract API called 3×\u001b[39m\u001b[22m\n\n    \u001b[2mexpect(\u001b[22m\u001b[31mjest.fn()\u001b[39m\u001b[2m).\u001b[22mtoHaveBeenCalledTimes\u001b[2m(\u001b[22m\u001b[32mexpected\u001b[39m\u001b[2m)\u001b[22m\n\n    Expected number of calls: \u001b[32m3\u001b[39m\n    Received number of calls: \u001b[31m0\u001b[39m\n\u001b[2m\u001b[22m\n\u001b[2m    \u001b[0m \u001b[90m 393 |\u001b[39m\u001b[22m\n\u001b[2m     \u001b[90m 394 |\u001b[39m     expect(res\u001b[33m.\u001b[39mstatus)\u001b[33m.\u001b[39mtoBe(\u001b[35m200\u001b[39m)\u001b[22m\n\u001b[2m    \u001b[31m\u001b[1m>\u001b[22m\u001b[2m\u001b[39m\u001b[90m 395 |\u001b[39m     expect(global\u001b[33m.\u001b[39mfetch)\u001b[33m.\u001b[39mtoHaveBeenCalledTimes(\u001b[35m3\u001b[39m)\u001b[22m\n\u001b[2m     \u001b[90m     |\u001b[39m                          \u001b[31m\u001b[1m^\u001b[22m\u001b[2m\u001b[39m\u001b[22m\n\u001b[2m     \u001b[90m 396 |\u001b[39m     expect(body\u001b[33m.\u001b[39memails[\u001b[35m0\u001b[39m]\u001b[33m.\u001b[39mverificationStatus)\u001b[33m.\u001b[39mtoBe(\u001b[32m'verified'\u001b[39m)\u001b[22m\n\u001b[2m     \u001b[90m 397 |\u001b[39m   })\u001b[22m\n\u001b[2m     \u001b[90m 398 |\u001b[39m\u001b[0m\u001b[22m\n\u001b[2m\u001b[22m\n\u001b[2m      \u001b[2mat Object.toHaveBeenCalledTimes (\u001b[22m\u001b[2m\u001b[0m\u001b[36mtests/integration/email-discovery.test.ts\u001b[39m\u001b[0m\u001b[2m:395:26)\u001b[22m\u001b[2m\u001b[22m\n\n\u001b[1m\u001b[31m  \u001b[1m● \u001b[22m\u001b[1memail discovery — cost recording › records a cost entry per Abstract API call with correct metadata\u001b[39m\u001b[22m\n\n    \u001b[2mexpect(\u001b[22m\u001b[31mjest.fn()\u001b[39m\u001b[2m).\u001b[22mtoHaveBeenCalledTimes\u001b[2m(\u001b[22m\u001b[32mexpected\u001b[39m\u001b[2m)\u001b[22m\n\n    Expected number of calls: \u001b[32m3\u001b[39m\n    Received number of calls: \u001b[31m0\u001b[39m\n\u001b[2m\u001b[22m\n\u001b[2m    \u001b[0m \u001b[90m 436 |\u001b[39m     \u001b[36mawait\u001b[39m \u001b[36mnew\u001b[39m \u001b[33mPromise\u001b[39m((r) \u001b[33m=>\u001b[39m setTimeout(r\u001b[33m,\u001b[39m \u001b[35m30\u001b[39m))\u001b[22m\n\u001b[2m     \u001b[90m 437 |\u001b[39m\u001b[22m\n\u001b[2m    \u001b[31m\u001b[1m>\u001b[22m\u001b[2m\u001b[39m\u001b[90m 438 |\u001b[39m     expect(mockServiceInsert)\u001b[33m.\u001b[39mtoHaveBeenCalledTimes(\u001b[35m3\u001b[39m)\u001b[22m\n\u001b[2m     \u001b[90m     |\u001b[39m                               \u001b[31m\u001b[1m^\u001b[22m\u001b[2m\u001b[39m\u001b[22m\n\u001b[2m     \u001b[90m 439 |\u001b[39m     expect(mockServiceInsert)\u001b[33m.\u001b[39mtoHaveBeenCalledWith(\u001b[22m\n\u001b[2m     \u001b[90m 440 |\u001b[39m       expect\u001b[33m.\u001b[39mobjectContaining({\u001b[22m\n\u001b[2m     \u001b[90m 441 |\u001b[39m         user_id\u001b[33m:\u001b[39m \u001b[33mFREE_USER\u001b[39m\u001b[33m.\u001b[39mid\u001b[33m,\u001b[39m\u001b[0m\u001b[22m\n\u001b[2m\u001b[22m\n\u001b[2m      \u001b[2mat Object.toHaveBeenCalledTimes (\u001b[22m\u001b[2m\u001b[0m\u001b[36mtests/integration/email-discovery.test.ts\u001b[39m\u001b[0m\u001b[2m:438:31)\u001b[22m\u001b[2m\u001b[22m\n","name":"/Users/varunsah/Documents/Coding/Ellyn/Ellyn/tests/integration/email-discovery.test.ts","startTime":1773249996080,"status":"failed","summary":""},{"assertionResults":[{"ancestorTitles":["route remediation hardening"],"duration":3,"failureDetails":[],"failureMessages":[],"fullName":"route remediation hardening POST /api/resolve-domain-v2 denies unauthenticated callers before resolution work","invocations":1,"location":null,"numPassingAsserts":2,"retryReasons":[],"status":"passed","title":"POST /api/resolve-domain-v2 denies unauthenticated callers before resolution work"},{"ancestorTitles":["route remediation hardening"],"duration":1,"failureDetails":[],"failureMessages":[],"fullName":"route remediation hardening POST /api/pattern-feedback denies unauthenticated mutation attempts","invocations":1,"location":null,"numPassingAsserts":2,"retryReasons":[],"status":"passed","title":"POST /api/pattern-feedback denies unauthenticated mutation attempts"},{"ancestorTitles":["route remediation hardening"],"duration":1,"failureDetails":[],"failureMessages":[],"fullName":"route remediation hardening POST /api/learning/record is deprecated with 410 Gone","invocations":1,"location":null,"numPassingAsserts":2,"retryReasons":[],"status":"passed","title":"POST /api/learning/record is deprecated with 410 Gone"},{"ancestorTitles":["route remediation hardening"],"duration":1,"failureDetails":[],"failureMessages":[],"fullName":"route remediation hardening POST /api/v1/quota/rollback uses the rollback RPC for authenticated callers","invocations":1,"location":null,"numPassingAsserts":3,"retryReasons":[],"status":"passed","title":"POST /api/v1/quota/rollback uses the rollback RPC for authenticated callers"}],"endTime":1773249996770,"message":"","name":"/Users/varunsah/Documents/Coding/Ellyn/Ellyn/tests/api/remediation-security.test.ts","startTime":1773249996588,"status":"passed","summary":""},{"assertionResults":[{"ancestorTitles":["Analytics API"],"duration":6,"failureDetails":[],"failureMessages":[],"fullName":"Analytics API returns 400 for an invalid metric","invocations":1,"location":null,"numPassingAsserts":4,"retryReasons":[],"status":"passed","title":"returns 400 for an invalid metric"},{"ancestorTitles":["Analytics API"],"duration":5,"failureDetails":[],"failureMessages":[],"fullName":"Analytics API returns overview metrics with the expected keys and values","invocations":1,"location":null,"numPassingAsserts":2,"retryReasons":[],"status":"passed","title":"returns overview metrics with the expected keys and values"}],"endTime":1773249996817,"message":"","name":"/Users/varunsah/Documents/Coding/Ellyn/Ellyn/tests/api/analytics.test.ts","startTime":1773249996584,"status":"passed","summary":""},{"assertionResults":[{"ancestorTitles":["quota RPC usage"],"duration":1,"failureDetails":[],"failureMessages":[],"fullName":"quota RPC usage email quota denial comes from the atomic RPC path","invocations":1,"location":null,"numPassingAsserts":2,"retryReasons":[],"status":"passed","title":"email quota denial comes from the atomic RPC path"},{"ancestorTitles":["quota RPC usage"],"duration":1,"failureDetails":[],"failureMessages":[],"fullName":"quota RPC usage AI draft quota uses the dedicated atomic draft RPC","invocations":1,"location":null,"numPassingAsserts":2,"retryReasons":[],"status":"passed","title":"AI draft quota uses the dedicated atomic draft RPC"}],"endTime":1773249996843,"message":"","name":"/Users/varunsah/Documents/Coding/Ellyn/Ellyn/tests/lib/quota.test.ts","startTime":1773249996774,"status":"passed","summary":""},{"assertionResults":[{"ancestorTitles":["quota validation ordering"],"duration":3,"failureDetails":[],"failureMessages":[],"fullName":"quota validation ordering malformed enrich requests do not consume email quota","invocations":1,"location":null,"numPassingAsserts":4,"retryReasons":[],"status":"passed","title":"malformed enrich requests do not consume email quota"},{"ancestorTitles":["quota validation ordering"],"duration":6,"failureDetails":[],"failureMessages":[],"fullName":"quota validation ordering malformed AI draft requests do not consume draft quota","invocations":1,"location":null,"numPassingAsserts":3,"retryReasons":[],"status":"passed","title":"malformed AI draft requests do not consume draft quota"}],"endTime":1773249996853,"message":"","name":"/Users/varunsah/Documents/Coding/Ellyn/Ellyn/tests/api/remediation-quota-validation.test.ts","startTime":1773249996731,"status":"passed","summary":""},{"assertionResults":[{"ancestorTitles":["admin session tokens"],"duration":4,"failureDetails":[],"failureMessages":[],"fullName":"admin session tokens round trips a signed token into the expected payload","invocations":1,"location":null,"numPassingAsserts":1,"retryReasons":[],"status":"passed","title":"round trips a signed token into the expected payload"},{"ancestorTitles":["admin session tokens"],"duration":1,"failureDetails":[],"failureMessages":[],"fullName":"admin session tokens returns null when the signature is tampered with","invocations":1,"location":null,"numPassingAsserts":1,"retryReasons":[],"status":"passed","title":"returns null when the signature is tampered with"},{"ancestorTitles":["admin session tokens"],"duration":1,"failureDetails":[],"failureMessages":[],"fullName":"admin session tokens returns null when the token is expired","invocations":1,"location":null,"numPassingAsserts":1,"retryReasons":[],"status":"passed","title":"returns null when the token is expired"}],"endTime":1773249996907,"message":"","name":"/Users/varunsah/Documents/Coding/Ellyn/Ellyn/tests/lib/admin-session.test.ts","startTime":1773249996819,"status":"passed","summary":""},{"assertionResults":[{"ancestorTitles":["Leads integration management"],"duration":18,"failureDetails":[],"failureMessages":[],"fullName":"Leads integration management GET /api/leads returns only authenticated user leads","invocations":1,"location":null,"numPassingAsserts":4,"retryReasons":[],"status":"passed","title":"GET /api/leads returns only authenticated user leads"},{"ancestorTitles":["Leads integration management"],"duration":5,"failureDetails":[],"failureMessages":[],"fullName":"Leads integration management GET /api/leads applies status and search filters","invocations":1,"location":null,"numPassingAsserts":4,"retryReasons":[],"status":"passed","title":"GET /api/leads applies status and search filters"},{"ancestorTitles":["Leads integration management"],"duration":2,"failureDetails":[],"failureMessages":[],"fullName":"Leads integration management GET /api/leads returns 401 for unauthorized access","invocations":1,"location":null,"numPassingAsserts":2,"retryReasons":[],"status":"passed","title":"GET /api/leads returns 401 for unauthorized access"},{"ancestorTitles":["Leads integration management"],"duration":4,"failureDetails":[],"failureMessages":[],"fullName":"Leads integration management POST /api/leads creates a new lead","invocations":1,"location":null,"numPassingAsserts":4,"retryReasons":[],"status":"passed","title":"POST /api/leads creates a new lead"},{"ancestorTitles":["Leads integration management"],"duration":1,"failureDetails":[],"failureMessages":[],"fullName":"Leads integration management POST /api/leads returns 400 when validation fails","invocations":1,"location":null,"numPassingAsserts":2,"retryReasons":[],"status":"passed","title":"POST /api/leads returns 400 when validation fails"},{"ancestorTitles":["Leads integration management"],"duration":2,"failureDetails":[],"failureMessages":[],"fullName":"Leads integration management PATCH /api/leads/[id] returns 400 for invalid payload","invocations":1,"location":null,"numPassingAsserts":2,"retryReasons":[],"status":"passed","title":"PATCH /api/leads/[id] returns 400 for invalid payload"},{"ancestorTitles":["Leads integration management"],"duration":1,"failureDetails":[],"failureMessages":[],"fullName":"Leads integration management PATCH /api/leads/[id] updates lead status","invocations":1,"location":null,"numPassingAsserts":3,"retryReasons":[],"status":"passed","title":"PATCH /api/leads/[id] updates lead status"},{"ancestorTitles":["Leads integration management"],"duration":1,"failureDetails":[],"failureMessages":[],"fullName":"Leads integration management PATCH /api/leads/[id] returns 404 for missing lead","invocations":1,"location":null,"numPassingAsserts":2,"retryReasons":[],"status":"passed","title":"PATCH /api/leads/[id] returns 404 for missing lead"},{"ancestorTitles":["Leads integration management"],"duration":2,"failureDetails":[],"failureMessages":[],"fullName":"Leads integration management PATCH /api/leads/[id] returns 401 when unauthenticated","invocations":1,"location":null,"numPassingAsserts":2,"retryReasons":[],"status":"passed","title":"PATCH /api/leads/[id] returns 401 when unauthenticated"},{"ancestorTitles":["Leads integration management"],"duration":1,"failureDetails":[],"failureMessages":[],"fullName":"Leads integration management GET /api/leads/[id] returns one lead for authenticated user","invocations":1,"location":null,"numPassingAsserts":4,"retryReasons":[],"status":"passed","title":"GET /api/leads/[id] returns one lead for authenticated user"},{"ancestorTitles":["Leads integration management"],"duration":0,"failureDetails":[],"failureMessages":[],"fullName":"Leads integration management GET /api/leads/[id] returns 404 for missing lead","invocations":1,"location":null,"numPassingAsserts":2,"retryReasons":[],"status":"passed","title":"GET /api/leads/[id] returns 404 for missing lead"},{"ancestorTitles":["Leads integration management"],"duration":1,"failureDetails":[],"failureMessages":[],"fullName":"Leads integration management DELETE /api/leads/[id] deletes lead","invocations":1,"location":null,"numPassingAsserts":3,"retryReasons":[],"status":"passed","title":"DELETE /api/leads/[id] deletes lead"},{"ancestorTitles":["Leads integration management"],"duration":0,"failureDetails":[],"failureMessages":[],"fullName":"Leads integration management DELETE /api/leads/[id] is idempotent for missing lead","invocations":1,"location":null,"numPassingAsserts":2,"retryReasons":[],"status":"passed","title":"DELETE /api/leads/[id] is idempotent for missing lead"},{"ancestorTitles":["Leads integration management"],"duration":3,"failureDetails":[],"failureMessages":[],"fullName":"Leads integration management DELETE /api/leads/[id] returns 401 for unauthorized access","invocations":1,"location":null,"numPassingAsserts":2,"retryReasons":[],"status":"passed","title":"DELETE /api/leads/[id] returns 401 for unauthorized access"}],"endTime":1773249996905,"message":"","name":"/Users/varunsah/Documents/Coding/Ellyn/Ellyn/tests/integration/leads.test.ts","startTime":1773249996078,"status":"passed","summary":""},{"assertionResults":[{"ancestorTitles":["enhanced email pattern sanitization"],"duration":1,"failureDetails":[],"failureMessages":[],"fullName":"enhanced email pattern sanitization normalizes multi-word and punctuated name parts into email-safe local parts","invocations":1,"location":null,"numPassingAsserts":2,"retryReasons":[],"status":"passed","title":"normalizes multi-word and punctuated name parts into email-safe local parts"},{"ancestorTitles":["enhanced email pattern sanitization"],"duration":1,"failureDetails":[],"failureMessages":[],"fullName":"enhanced email pattern sanitization generated patterns do not include spaces for multi-word last names","invocations":1,"location":null,"numPassingAsserts":2,"retryReasons":[],"status":"passed","title":"generated patterns do not include spaces for multi-word last names"}],"endTime":1773249996917,"message":"","name":"/Users/varunsah/Documents/Coding/Ellyn/Ellyn/tests/lib/enhanced-email-patterns.test.ts","startTime":1773249996855,"status":"passed","summary":""},{"assertionResults":[{"ancestorTitles":["API authentication and external API mocking"],"duration":11,"failureDetails":[],"failureMessages":[],"fullName":"API authentication and external API mocking returns 401 when contacts endpoint is requested without authentication","invocations":1,"location":null,"numPassingAsserts":2,"retryReasons":[],"status":"passed","title":"returns 401 when contacts endpoint is requested without authentication"},{"ancestorTitles":["API authentication and external API mocking"],"duration":3,"failureDetails":[],"failureMessages":[],"fullName":"API authentication and external API mocking returns 401 when lead creation is attempted without authentication","invocations":1,"location":null,"numPassingAsserts":2,"retryReasons":[],"status":"passed","title":"returns 401 when lead creation is attempted without authentication"},{"ancestorTitles":["API authentication and external API mocking"],"duration":1,"failureDetails":[],"failureMessages":[],"fullName":"API authentication and external API mocking signup endpoint rejects weak passwords before creating user","invocations":1,"location":null,"numPassingAsserts":2,"retryReasons":[],"status":"passed","title":"signup endpoint rejects weak passwords before creating user"},{"ancestorTitles":["API authentication and external API mocking"],"duration":4,"failureDetails":[],"failureMessages":[],"fullName":"API authentication and external API mocking signup endpoint returns 400 for invalid payload","invocations":1,"location":null,"numPassingAsserts":3,"retryReasons":[],"status":"passed","title":"signup endpoint returns 400 for invalid payload"},{"ancestorTitles":["API authentication and external API mocking"],"duration":3,"failureDetails":[],"failureMessages":[],"fullName":"API authentication and external API mocking signup endpoint returns 400 when Supabase signup fails","invocations":1,"location":null,"numPassingAsserts":3,"retryReasons":[],"status":"passed","title":"signup endpoint returns 400 when Supabase signup fails"},{"ancestorTitles":["API authentication and external API mocking"],"duration":2,"failureDetails":[],"failureMessages":[],"fullName":"API authentication and external API mocking signup endpoint returns success when session is created immediately","invocations":1,"location":null,"numPassingAsserts":4,"retryReasons":[],"status":"passed","title":"signup endpoint returns success when session is created immediately"},{"ancestorTitles":["API authentication and external API mocking"],"duration":2,"failureDetails":[],"failureMessages":[],"fullName":"API authentication and external API mocking signup GET returns 405","invocations":1,"location":null,"numPassingAsserts":2,"retryReasons":[],"status":"passed","title":"signup GET returns 405"},{"ancestorTitles":["API authentication and external API mocking"],"duration":3,"failureDetails":[],"failureMessages":[],"fullName":"API authentication and external API mocking change-password endpoint requires authentication","invocations":1,"location":null,"numPassingAsserts":2,"retryReasons":[],"status":"passed","title":"change-password endpoint requires authentication"},{"ancestorTitles":["API authentication and external API mocking"],"duration":2,"failureDetails":[],"failureMessages":[],"fullName":"API authentication and external API mocking change-password endpoint returns 400 for weak new password","invocations":1,"location":null,"numPassingAsserts":2,"retryReasons":[],"status":"passed","title":"change-password endpoint returns 400 for weak new password"},{"ancestorTitles":["API authentication and external API mocking"],"duration":2,"failureDetails":[],"failureMessages":[],"fullName":"API authentication and external API mocking change-password endpoint returns 400 for invalid request body","invocations":1,"location":null,"numPassingAsserts":3,"retryReasons":[],"status":"passed","title":"change-password endpoint returns 400 for invalid request body"},{"ancestorTitles":["API authentication and external API mocking"],"duration":1,"failureDetails":[],"failureMessages":[],"fullName":"API authentication and external API mocking change-password endpoint returns 400 for mismatched confirmation","invocations":1,"location":null,"numPassingAsserts":2,"retryReasons":[],"status":"passed","title":"change-password endpoint returns 400 for mismatched confirmation"},{"ancestorTitles":["API authentication and external API mocking"],"duration":3,"failureDetails":[],"failureMessages":[],"fullName":"API authentication and external API mocking change-password endpoint returns 400 when new password equals current password","invocations":1,"location":null,"numPassingAsserts":2,"retryReasons":[],"status":"passed","title":"change-password endpoint returns 400 when new password equals current password"},{"ancestorTitles":["API authentication and external API mocking"],"duration":0,"failureDetails":[],"failureMessages":[],"fullName":"API authentication and external API mocking change-password endpoint returns 400 when authenticated user has no email","invocations":1,"location":null,"numPassingAsserts":2,"retryReasons":[],"status":"passed","title":"change-password endpoint returns 400 when authenticated user has no email"},{"ancestorTitles":["API authentication and external API mocking"],"duration":1,"failureDetails":[],"failureMessages":[],"fullName":"API authentication and external API mocking change-password endpoint returns 400 when current password is wrong","invocations":1,"location":null,"numPassingAsserts":2,"retryReasons":[],"status":"passed","title":"change-password endpoint returns 400 when current password is wrong"},{"ancestorTitles":["API authentication and external API mocking"],"duration":6,"failureDetails":[],"failureMessages":[],"fullName":"API authentication and external API mocking change-password endpoint returns 400 when update fails","invocations":1,"location":null,"numPassingAsserts":2,"retryReasons":[],"status":"passed","title":"change-password endpoint returns 400 when update fails"},{"ancestorTitles":["API authentication and external API mocking"],"duration":2,"failureDetails":[],"failureMessages":[],"fullName":"API authentication and external API mocking change-password endpoint updates password when request is valid","invocations":1,"location":null,"numPassingAsserts":3,"retryReasons":[],"status":"passed","title":"change-password endpoint updates password when request is valid"},{"ancestorTitles":["API authentication and external API mocking"],"duration":0,"failureDetails":[],"failureMessages":[],"fullName":"API authentication and external API mocking change-password GET returns 405","invocations":1,"location":null,"numPassingAsserts":2,"retryReasons":[],"status":"passed","title":"change-password GET returns 405"},{"ancestorTitles":["API authentication and external API mocking"],"duration":2,"failureDetails":[],"failureMessages":[],"fullName":"API authentication and external API mocking mocks Gemini client for AI template generation endpoint","invocations":1,"location":null,"numPassingAsserts":4,"retryReasons":[],"status":"passed","title":"mocks Gemini client for AI template generation endpoint"},{"ancestorTitles":["API authentication and external API mocking"],"duration":1,"failureDetails":[],"failureMessages":[],"fullName":"API authentication and external API mocking generate-template returns 402 when quota exceeded","invocations":1,"location":null,"numPassingAsserts":2,"retryReasons":[],"status":"passed","title":"generate-template returns 402 when quota exceeded"},{"ancestorTitles":["API authentication and external API mocking"],"duration":1,"failureDetails":[],"failureMessages":[],"fullName":"API authentication and external API mocking generate-template returns 400 for invalid request body","invocations":1,"location":null,"numPassingAsserts":2,"retryReasons":[],"status":"passed","title":"generate-template returns 400 for invalid request body"},{"ancestorTitles":["API authentication and external API mocking"],"duration":1,"failureDetails":[],"failureMessages":[],"fullName":"API authentication and external API mocking generate-template falls back to plain text parsing when model output is not JSON","invocations":1,"location":null,"numPassingAsserts":3,"retryReasons":[],"status":"passed","title":"generate-template falls back to plain text parsing when model output is not JSON"},{"ancestorTitles":["API authentication and external API mocking"],"duration":0,"failureDetails":[],"failureMessages":[],"fullName":"API authentication and external API mocking generate-template returns 500 when Gemini client throws","invocations":1,"location":null,"numPassingAsserts":2,"retryReasons":[],"status":"passed","title":"generate-template returns 500 when Gemini client throws"},{"ancestorTitles":["API authentication and external API mocking"],"duration":1,"failureDetails":[],"failureMessages":[],"fullName":"API authentication and external API mocking generate-template GET returns 405","invocations":1,"location":null,"numPassingAsserts":2,"retryReasons":[],"status":"passed","title":"generate-template GET returns 405"}],"endTime":1773249996926,"message":"","name":"/Users/varunsah/Documents/Coding/Ellyn/Ellyn/tests/integration/api-auth.test.ts","startTime":1773249996072,"status":"passed","summary":""},{"assertionResults":[{"ancestorTitles":["Contacts integration CRUD"],"duration":7,"failureDetails":[],"failureMessages":[],"fullName":"Contacts integration CRUD GET /api/contacts returns only authenticated user contacts and outreach status","invocations":1,"location":null,"numPassingAsserts":5,"retryReasons":[],"status":"passed","title":"GET /api/contacts returns only authenticated user contacts and outreach status"},{"ancestorTitles":["Contacts integration CRUD"],"duration":9,"failureDetails":[],"failureMessages":[],"fullName":"Contacts integration CRUD GET /api/contacts applies search and status filters","invocations":1,"location":null,"numPassingAsserts":5,"retryReasons":[],"status":"passed","title":"GET /api/contacts applies search and status filters"},{"ancestorTitles":["Contacts integration CRUD"],"duration":7,"failureDetails":[],"failureMessages":[],"fullName":"Contacts integration CRUD POST /api/contacts creates a new contact for authenticated user","invocations":1,"location":null,"numPassingAsserts":5,"retryReasons":[],"status":"passed","title":"POST /api/contacts creates a new contact for authenticated user"},{"ancestorTitles":["Contacts integration CRUD"],"duration":4,"failureDetails":[],"failureMessages":[],"fullName":"Contacts integration CRUD POST /api/contacts returns 400 for invalid payload","invocations":1,"location":null,"numPassingAsserts":3,"retryReasons":[],"status":"passed","title":"POST /api/contacts returns 400 for invalid payload"},{"ancestorTitles":["Contacts integration CRUD"],"duration":4,"failureDetails":[],"failureMessages":[],"fullName":"Contacts integration CRUD POST /api/contacts returns 401 when user is not authenticated","invocations":1,"location":null,"numPassingAsserts":2,"retryReasons":[],"status":"passed","title":"POST /api/contacts returns 401 when user is not authenticated"},{"ancestorTitles":["Contacts integration CRUD"],"duration":2,"failureDetails":[],"failureMessages":[],"fullName":"Contacts integration CRUD GET /api/contacts/[id] returns one contact for the authenticated user","invocations":1,"location":null,"numPassingAsserts":4,"retryReasons":[],"status":"passed","title":"GET /api/contacts/[id] returns one contact for the authenticated user"},{"ancestorTitles":["Contacts integration CRUD"],"duration":7,"failureDetails":[],"failureMessages":[],"fullName":"Contacts integration CRUD GET /api/contacts/[id] returns 404 when contact does not exist","invocations":1,"location":null,"numPassingAsserts":2,"retryReasons":[],"status":"passed","title":"GET /api/contacts/[id] returns 404 when contact does not exist"},{"ancestorTitles":["Contacts integration CRUD"],"duration":1,"failureDetails":[],"failureMessages":[],"fullName":"Contacts integration CRUD GET /api/contacts/[id] returns 401 when user is not authenticated","invocations":1,"location":null,"numPassingAsserts":2,"retryReasons":[],"status":"passed","title":"GET /api/contacts/[id] returns 401 when user is not authenticated"},{"ancestorTitles":["Contacts integration CRUD"],"duration":10,"failureDetails":[],"failureMessages":[],"fullName":"Contacts integration CRUD PATCH /api/contacts/[id] updates an existing contact","invocations":1,"location":null,"numPassingAsserts":3,"retryReasons":[],"status":"passed","title":"PATCH /api/contacts/[id] updates an existing contact"},{"ancestorTitles":["Contacts integration CRUD"],"duration":5,"failureDetails":[],"failureMessages":[],"fullName":"Contacts integration CRUD PATCH /api/contacts/[id] returns 400 when payload is empty","invocations":1,"location":null,"numPassingAsserts":2,"retryReasons":[],"status":"passed","title":"PATCH /api/contacts/[id] returns 400 when payload is empty"},{"ancestorTitles":["Contacts integration CRUD"],"duration":5,"failureDetails":[],"failureMessages":[],"fullName":"Contacts integration CRUD PUT /api/contacts/[id] updates fields for backward compatibility","invocations":1,"location":null,"numPassingAsserts":4,"retryReasons":[],"status":"passed","title":"PUT /api/contacts/[id] updates fields for backward compatibility"},{"ancestorTitles":["Contacts integration CRUD"],"duration":2,"failureDetails":[],"failureMessages":[],"fullName":"Contacts integration CRUD DELETE /api/contacts/[id] removes the requested contact","invocations":1,"location":null,"numPassingAsserts":3,"retryReasons":[],"status":"passed","title":"DELETE /api/contacts/[id] removes the requested contact"},{"ancestorTitles":["Contacts integration CRUD"],"duration":1,"failureDetails":[],"failureMessages":[],"fullName":"Contacts integration CRUD DELETE /api/contacts/[id] returns 401 when user is not authenticated","invocations":1,"location":null,"numPassingAsserts":2,"retryReasons":[],"status":"passed","title":"DELETE /api/contacts/[id] returns 401 when user is not authenticated"}],"endTime":1773249996970,"message":"","name":"/Users/varunsah/Documents/Coding/Ellyn/Ellyn/tests/integration/contacts.test.ts","startTime":1773249996068,"status":"passed","summary":""},{"assertionResults":[{"ancestorTitles":["buildBrandfetchSearchUrl"],"duration":0,"failureDetails":[],"failureMessages":[],"fullName":"buildBrandfetchSearchUrl includes the Brandfetch client id query parameter","invocations":1,"location":null,"numPassingAsserts":1,"retryReasons":[],"status":"passed","title":"includes the Brandfetch client id query parameter"},{"ancestorTitles":["buildBrandfetchSearchUrl"],"duration":1,"failureDetails":[],"failureMessages":[],"fullName":"buildBrandfetchSearchUrl returns null when the Brandfetch client id is missing","invocations":1,"location":null,"numPassingAsserts":1,"retryReasons":[],"status":"passed","title":"returns null when the Brandfetch client id is missing"}],"endTime":1773249996986,"message":"","name":"/Users/varunsah/Documents/Coding/Ellyn/Ellyn/tests/lib/domain-resolution-service.test.ts","startTime":1773249996910,"status":"passed","summary":""},{"assertionResults":[{"ancestorTitles":["tracker-v2 shared logic"],"duration":1,"failureDetails":[],"failureMessages":[],"fullName":"tracker-v2 shared logic matchesTrackerSearch checks name, company, and role","invocations":1,"location":null,"numPassingAsserts":4,"retryReasons":[],"status":"passed","title":"matchesTrackerSearch checks name, company, and role"},{"ancestorTitles":["tracker-v2 shared logic"],"duration":0,"failureDetails":[],"failureMessages":[],"fullName":"tracker-v2 shared logic applyTrackerFilters supports needs_follow_up and company filters","invocations":1,"location":null,"numPassingAsserts":1,"retryReasons":[],"status":"passed","title":"applyTrackerFilters supports needs_follow_up and company filters"},{"ancestorTitles":["tracker-v2 shared logic"],"duration":1,"failureDetails":[],"failureMessages":[],"fullName":"tracker-v2 shared logic applySortPreset(no_response) prioritizes no_response contacts","invocations":1,"location":null,"numPassingAsserts":2,"retryReasons":[],"status":"passed","title":"applySortPreset(no_response) prioritizes no_response contacts"},{"ancestorTitles":["tracker-v2 shared logic"],"duration":9,"failureDetails":[],"failureMessages":[],"fullName":"tracker-v2 shared logic computeTrackerAnalytics returns funnel and reply rate","invocations":1,"location":null,"numPassingAsserts":3,"retryReasons":[],"status":"passed","title":"computeTrackerAnalytics returns funnel and reply rate"}],"endTime":1773249997135,"message":"","name":"/Users/varunsah/Documents/Coding/Ellyn/Ellyn/tests/lib/tracker-v2.test.ts","startTime":1773249997045,"status":"passed","summary":""},{"assertionResults":[{"ancestorTitles":["tracker integration helpers"],"duration":1,"failureDetails":[],"failureMessages":[],"fullName":"tracker integration helpers buildTrackerContactHref builds deep link with source","invocations":1,"location":null,"numPassingAsserts":1,"retryReasons":[],"status":"passed","title":"buildTrackerContactHref builds deep link with source"},{"ancestorTitles":["tracker integration helpers"],"duration":0,"failureDetails":[],"failureMessages":[],"fullName":"tracker integration helpers toTrackerContact normalizes legacy statuses","invocations":1,"location":null,"numPassingAsserts":3,"retryReasons":[],"status":"passed","title":"toTrackerContact normalizes legacy statuses"},{"ancestorTitles":["tracker integration helpers"],"duration":0,"failureDetails":[],"failureMessages":[],"fullName":"tracker integration helpers countContactsNeedingFollowUp counts only overdue contacted leads","invocations":1,"location":null,"numPassingAsserts":1,"retryReasons":[],"status":"passed","title":"countContactsNeedingFollowUp counts only overdue contacted leads"},{"ancestorTitles":["tracker integration helpers"],"duration":1,"failureDetails":[],"failureMessages":[],"fullName":"tracker integration helpers maps sequence actions to tracker contact patches","invocations":1,"location":null,"numPassingAsserts":3,"retryReasons":[],"status":"passed","title":"maps sequence actions to tracker contact patches"},{"ancestorTitles":["tracker integration helpers"],"duration":0,"failureDetails":[],"failureMessages":[],"fullName":"tracker integration helpers deep-link contact handoff is persisted and consumed once","invocations":1,"location":null,"numPassingAsserts":2,"retryReasons":[],"status":"passed","title":"deep-link contact handoff is persisted and consumed once"}],"endTime":1773249997168,"message":"","name":"/Users/varunsah/Documents/Coding/Ellyn/Ellyn/tests/lib/tracker-integration.test.ts","startTime":1773249997104,"status":"passed","summary":""},{"assertionResults":[{"ancestorTitles":["OverviewMetrics","Rendering"],"duration":43,"failureDetails":[],"failureMessages":[],"fullName":"OverviewMetrics Rendering renders all metric cards","invocations":1,"location":null,"numPassingAsserts":4,"retryReasons":[],"status":"passed","title":"renders all metric cards"},{"ancestorTitles":["OverviewMetrics","Rendering"],"duration":9,"failureDetails":[],"failureMessages":[],"fullName":"OverviewMetrics Rendering displays correct values","invocations":1,"location":null,"numPassingAsserts":4,"retryReasons":[],"status":"passed","title":"displays correct values"},{"ancestorTitles":["OverviewMetrics","Rendering"],"duration":10,"failureDetails":[],"failureMessages":[],"fullName":"OverviewMetrics Rendering displays best performing sequence","invocations":1,"location":null,"numPassingAsserts":2,"retryReasons":[],"status":"passed","title":"displays best performing sequence"},{"ancestorTitles":["OverviewMetrics","Rendering"],"duration":5,"failureDetails":[],"failureMessages":[],"fullName":"OverviewMetrics Rendering displays activity insights","invocations":1,"location":null,"numPassingAsserts":2,"retryReasons":[],"status":"passed","title":"displays activity insights"},{"ancestorTitles":["OverviewMetrics","Comparison Mode"],"duration":7,"failureDetails":[],"failureMessages":[],"fullName":"OverviewMetrics Comparison Mode shows trend indicators when comparison enabled","invocations":1,"location":null,"numPassingAsserts":1,"retryReasons":[],"status":"passed","title":"shows trend indicators when comparison enabled"},{"ancestorTitles":["OverviewMetrics","Comparison Mode"],"duration":6,"failureDetails":[],"failureMessages":[],"fullName":"OverviewMetrics Comparison Mode shows positive trend with up arrow","invocations":1,"location":null,"numPassingAsserts":0,"retryReasons":[],"status":"passed","title":"shows positive trend with up arrow"},{"ancestorTitles":["OverviewMetrics","Comparison Mode"],"duration":7,"failureDetails":[],"failureMessages":[],"fullName":"OverviewMetrics Comparison Mode shows negative trend with down arrow","invocations":1,"location":null,"numPassingAsserts":0,"retryReasons":[],"status":"passed","title":"shows negative trend with down arrow"},{"ancestorTitles":["OverviewMetrics","Comparison Mode"],"duration":12,"failureDetails":[],"failureMessages":[],"fullName":"OverviewMetrics Comparison Mode hides trends when comparison is null","invocations":1,"location":null,"numPassingAsserts":1,"retryReasons":[],"status":"passed","title":"hides trends when comparison is null"},{"ancestorTitles":["OverviewMetrics","Loading State"],"duration":6,"failureDetails":[],"failureMessages":[],"fullName":"OverviewMetrics Loading State shows skeleton loaders when loading","invocations":1,"location":null,"numPassingAsserts":1,"retryReasons":[],"status":"passed","title":"shows skeleton loaders when loading"},{"ancestorTitles":["OverviewMetrics","Loading State"],"duration":7,"failureDetails":[],"failureMessages":[],"fullName":"OverviewMetrics Loading State hides actual data when loading","invocations":1,"location":null,"numPassingAsserts":1,"retryReasons":[],"status":"passed","title":"hides actual data when loading"},{"ancestorTitles":["OverviewMetrics","Edge Cases"],"duration":8,"failureDetails":[],"failureMessages":[],"fullName":"OverviewMetrics Edge Cases handles zero values","invocations":1,"location":null,"numPassingAsserts":1,"retryReasons":[],"status":"passed","title":"handles zero values"},{"ancestorTitles":["OverviewMetrics","Edge Cases"],"duration":4,"failureDetails":[],"failureMessages":[],"fullName":"OverviewMetrics Edge Cases handles very large numbers","invocations":1,"location":null,"numPassingAsserts":1,"retryReasons":[],"status":"passed","title":"handles very large numbers"},{"ancestorTitles":["OverviewMetrics","Edge Cases"],"duration":5,"failureDetails":[],"failureMessages":[],"fullName":"OverviewMetrics Edge Cases handles missing best performing sequence","invocations":1,"location":null,"numPassingAsserts":1,"retryReasons":[],"status":"passed","title":"handles missing best performing sequence"},{"ancestorTitles":["OverviewMetrics","Edge Cases"],"duration":3,"failureDetails":[],"failureMessages":[],"fullName":"OverviewMetrics Edge Cases handles decimal reply rates","invocations":1,"location":null,"numPassingAsserts":1,"retryReasons":[],"status":"passed","title":"handles decimal reply rates"},{"ancestorTitles":["OverviewMetrics","Accessibility"],"duration":4,"failureDetails":[],"failureMessages":[],"fullName":"OverviewMetrics Accessibility has proper ARIA labels","invocations":1,"location":null,"numPassingAsserts":1,"retryReasons":[],"status":"passed","title":"has proper ARIA labels"},{"ancestorTitles":["OverviewMetrics","Accessibility"],"duration":10,"failureDetails":[],"failureMessages":[],"fullName":"OverviewMetrics Accessibility loading state has appropriate animation","invocations":1,"location":null,"numPassingAsserts":1,"retryReasons":[],"status":"passed","title":"loading state has appropriate animation"},{"ancestorTitles":["OverviewMetrics","Accessibility"],"duration":7,"failureDetails":[],"failureMessages":[],"fullName":"OverviewMetrics Accessibility trend indicators have screen reader text","invocations":1,"location":null,"numPassingAsserts":0,"retryReasons":[],"status":"passed","title":"trend indicators have screen reader text"},{"ancestorTitles":["OverviewMetrics","Animations"],"duration":5,"failureDetails":[],"failureMessages":[],"fullName":"OverviewMetrics Animations applies motion animations to metric values","invocations":1,"location":null,"numPassingAsserts":1,"retryReasons":[],"status":"passed","title":"applies motion animations to metric values"},{"ancestorTitles":["OverviewMetrics","Animations"],"duration":0,"failureDetails":[],"failureMessages":[],"fullName":"OverviewMetrics Animations staggers card animations","invocations":1,"location":null,"numPassingAsserts":0,"retryReasons":[],"status":"passed","title":"staggers card animations"},{"ancestorTitles":["OverviewMetrics","Responsive Design"],"duration":21,"failureDetails":[],"failureMessages":[],"fullName":"OverviewMetrics Responsive Design renders in grid layout","invocations":1,"location":null,"numPassingAsserts":1,"retryReasons":[],"status":"passed","title":"renders in grid layout"},{"ancestorTitles":["OverviewMetrics","Responsive Design"],"duration":0,"failureDetails":[],"failureMessages":[],"fullName":"OverviewMetrics Responsive Design adapts to mobile screens","invocations":1,"location":null,"numPassingAsserts":0,"retryReasons":[],"status":"passed","title":"adapts to mobile screens"}],"endTime":1773249997172,"message":"","name":"/Users/varunsah/Documents/Coding/Ellyn/Ellyn/tests/components/analytics/overview-metrics.test.tsx","startTime":1773249996401,"status":"passed","summary":""},{"assertionResults":[{"ancestorTitles":["Auth integration flows"],"duration":81,"failureDetails":[],"failureMessages":[],"fullName":"Auth integration flows signup blocks weak passwords and disables submission","invocations":1,"location":null,"numPassingAsserts":2,"retryReasons":[],"status":"passed","title":"signup blocks weak passwords and disables submission"},{"ancestorTitles":["Auth integration flows"],"duration":210,"failureDetails":[],"failureMessages":[],"fullName":"Auth integration flows signup submits valid payload and shows success message","invocations":1,"location":null,"numPassingAsserts":1,"retryReasons":[],"status":"passed","title":"signup submits valid payload and shows success message"},{"ancestorTitles":["Auth integration flows"],"duration":10,"failureDetails":[],"failureMessages":[],"fullName":"Auth integration flows login signs in and redirects to dashboard","invocations":1,"location":null,"numPassingAsserts":2,"retryReasons":[],"status":"passed","title":"login signs in and redirects to dashboard"},{"ancestorTitles":["Auth integration flows"],"duration":7,"failureDetails":[],"failureMessages":[],"fullName":"Auth integration flows login shows error when credentials are invalid","invocations":1,"location":null,"numPassingAsserts":2,"retryReasons":[],"status":"passed","title":"login shows error when credentials are invalid"}],"endTime":1773249997389,"message":"","name":"/Users/varunsah/Documents/Coding/Ellyn/Ellyn/tests/integration/auth.test.tsx","startTime":1773249996385,"status":"passed","summary":""}],"wasInterrupted":false}
